2021-07-20 09:29:40.709 [main] INFO  action.social.medial.action.impl.LoginActionImpl - Setup set property...
2021-07-20 09:29:40.872 [main] INFO  action.social.medial.action.impl.LoginActionImpl - Setup web driver...
2021-07-20 09:29:43.358 [main] INFO  action.social.medial.action.impl.LoginActionImpl - Open facebook success...
2021-07-20 09:29:43.884 [main] INFO  action.social.medial.action.impl.LoginActionImpl - Input email success...
2021-07-20 09:29:44.389 [main] INFO  action.social.medial.action.impl.LoginActionImpl - Input password success...
2021-07-20 09:29:44.784 [main] INFO  action.social.medial.action.impl.LoginActionImpl - Submit login success...
2021-07-20 09:29:49.821 [main] INFO  action.social.medial.action.impl.LogoutActionImpl - Find html element icon logout header success
2021-07-20 09:29:53.613 [main] INFO  action.social.medial.action.impl.LogoutActionImpl - Find html element icon logout success
2021-07-20 09:32:09.797 [main] INFO  action.social.medial.action.impl.LoginActionImpl - Setup set property...
2021-07-20 09:32:09.957 [main] INFO  action.social.medial.action.impl.LoginActionImpl - Setup web driver...
2021-07-20 09:32:12.805 [main] INFO  action.social.medial.action.impl.LoginActionImpl - Open facebook success...
2021-07-20 09:32:13.462 [main] INFO  action.social.medial.action.impl.LoginActionImpl - Input email success...
2021-07-20 09:32:13.950 [main] INFO  action.social.medial.action.impl.LoginActionImpl - Input password success...
2021-07-20 09:32:14.361 [main] INFO  action.social.medial.action.impl.LoginActionImpl - Submit login success...
2021-07-20 09:32:19.365 [main] INFO  action.social.medial.action.impl.LogoutActionImpl - Find html element icon logout header success
2021-07-20 09:32:23.288 [main] INFO  action.social.medial.action.impl.LogoutActionImpl - Find html element icon logout success
2021-07-20 09:39:56.027 [main] INFO  action.social.medial.action.impl.LoginActionImpl - Setup set property...
2021-07-20 09:39:56.176 [main] INFO  action.social.medial.action.impl.LoginActionImpl - Setup web driver...
2021-07-20 09:39:59.191 [main] INFO  action.social.medial.action.impl.LoginActionImpl - Open facebook success...
2021-07-20 09:39:59.731 [main] INFO  action.social.medial.action.impl.LoginActionImpl - Input email success...
2021-07-20 09:40:00.447 [main] INFO  action.social.medial.action.impl.LoginActionImpl - Input password success...
2021-07-20 09:40:00.853 [main] INFO  action.social.medial.action.impl.LoginActionImpl - Submit login success...
2021-07-20 09:40:06.149 [main] INFO  action.social.medial.action.impl.LogoutActionImpl - Find html element icon logout header success
2021-07-20 09:40:09.995 [main] INFO  action.social.medial.action.impl.LogoutActionImpl - Find html element icon logout success
2021-07-20 10:20:18.481 [main] INFO  action.social.medial.action.impl.LoginActionImpl - Setup set property...
2021-07-20 10:20:18.685 [main] INFO  action.social.medial.action.impl.LoginActionImpl - Setup web driver...
2021-07-20 10:20:21.995 [main] INFO  action.social.medial.action.impl.LoginActionImpl - Open facebook success...
2021-07-20 10:20:22.236 [main] INFO  action.social.medial.action.impl.LoginActionImpl - Input email success...
2021-07-20 10:20:22.727 [main] INFO  action.social.medial.action.impl.LoginActionImpl - Input password success...
2021-07-20 10:20:23.134 [main] INFO  action.social.medial.action.impl.LoginActionImpl - Submit login success...
2021-07-20 10:20:32.656 [main] INFO  action.social.medial.utils.HoverLikePost - Find element to hover like action for post success ...
2021-07-20 10:20:32.958 [main] INFO  action.social.medial.utils.HoverLikePost - Hover like action for post success ...
2021-07-20 10:20:34.952 [main] INFO  action.social.medial.action.impl.LikeActionImpl - Like action post success ...
2021-07-20 10:20:36.322 [main] INFO  action.social.medial.action.impl.LogoutActionImpl - Find html element icon logout header success
2021-07-20 10:20:40.999 [main] INFO  action.social.medial.action.impl.LogoutActionImpl - Find html element icon logout success
2021-07-20 10:59:11.992 [main] INFO  action.social.medial.action.impl.LoginActionImpl - Setup set property...
2021-07-20 10:59:12.159 [main] INFO  action.social.medial.action.impl.LoginActionImpl - Setup web driver...
2021-07-20 10:59:15.123 [main] INFO  action.social.medial.action.impl.LoginActionImpl - Open facebook success...
2021-07-20 10:59:15.374 [main] INFO  action.social.medial.action.impl.LoginActionImpl - Input email success...
2021-07-20 10:59:15.861 [main] INFO  action.social.medial.action.impl.LoginActionImpl - Input password success...
2021-07-20 10:59:16.323 [main] INFO  action.social.medial.action.impl.LoginActionImpl - Submit login success...
2021-07-20 10:59:25.986 [main] INFO  action.social.medial.utils.HoverLikePost - Find element to hover like action for post success ...
2021-07-20 10:59:26.164 [main] INFO  action.social.medial.utils.HoverLikePost - Hover like action for post success ...
2021-07-20 10:59:28.084 [main] INFO  action.social.medial.action.impl.LikeActionImpl - Like action post success ...
2021-07-20 11:12:50.907 [main] INFO  action.social.medial.action.impl.LoginActionImpl - Setup set property...
2021-07-20 11:12:51.073 [main] INFO  action.social.medial.action.impl.LoginActionImpl - Setup web driver...
2021-07-20 11:12:53.626 [main] INFO  action.social.medial.action.impl.LoginActionImpl - Open facebook success...
2021-07-20 11:12:53.841 [main] INFO  action.social.medial.action.impl.LoginActionImpl - Input email success...
2021-07-20 11:12:54.408 [main] INFO  action.social.medial.action.impl.LoginActionImpl - Input password success...
2021-07-20 11:12:54.832 [main] INFO  action.social.medial.action.impl.LoginActionImpl - Submit login success...
2021-07-20 11:13:02.693 [main] INFO  action.social.medial.utils.HoverLikePost - Find element to hover like action for post success ...
2021-07-20 11:13:02.994 [main] INFO  action.social.medial.utils.HoverLikePost - Hover like action for post success ...
2021-07-20 11:13:04.166 [main] ERROR action.social.medial.action.impl.LikeActionImpl - Like action post fail ... no such element: Unable to locate element: {"method":"xpath","selector":"/html/body/div[1]/div/div[1]/div/div[3]/div/div/div[2]/div/div/div[1]/div[1]/div/div[1]/div/div[1]"}
  (Session info: chrome=91.0.4472.164)
For documentation on this error, please visit: https://www.seleniumhq.org/exceptions/no_such_element.html
Build info: version: '3.141.59', revision: 'e82be7d358', time: '2018-11-14T08:17:03'
System info: host: 'ADMIN', ip: '192.168.147.10', os.name: 'Windows 10', os.arch: 'amd64', os.version: '10.0', java.version: '1.8.0_121'
Driver info: org.openqa.selenium.chrome.ChromeDriver
Capabilities {acceptInsecureCerts: false, browserName: chrome, browserVersion: 91.0.4472.164, chrome: {chromedriverVersion: 91.0.4472.101 (af52a90bf870..., userDataDir: C:\Users\Admin\AppData\Loca...}, goog:chromeOptions: {debuggerAddress: localhost:55979}, javascriptEnabled: true, networkConnectionEnabled: false, pageLoadStrategy: normal, platform: WINDOWS, platformName: WINDOWS, proxy: Proxy(), setWindowRect: true, strictFileInteractability: false, timeouts: {implicit: 0, pageLoad: 300000, script: 30000}, unhandledPromptBehavior: dismiss and notify, webauthn:extension:largeBlob: true, webauthn:virtualAuthenticators: true}
Session ID: 20be070b5cbaaa9b1f832561805cdb02
*** Element info: {Using=xpath, value=/html/body/div[1]/div/div[1]/div/div[3]/div/div/div[2]/div/div/div[1]/div[1]/div/div[1]/div/div[1]}
2021-07-20 11:13:05.869 [main] INFO  action.social.medial.action.impl.LogoutActionImpl - Find html element icon logout header success
2021-07-20 11:13:10.292 [main] INFO  action.social.medial.action.impl.LogoutActionImpl - Find html element icon logout success
2021-07-20 11:13:14.244 [main] INFO  action.social.medial.action.impl.LoginActionImpl - Open facebook success...
2021-07-20 11:13:14.476 [main] INFO  action.social.medial.action.impl.LoginActionImpl - Input email success...
2021-07-20 11:13:14.921 [main] INFO  action.social.medial.action.impl.LoginActionImpl - Input password success...
2021-07-20 11:13:15.347 [main] INFO  action.social.medial.action.impl.LoginActionImpl - Submit login success...
2021-07-20 11:13:22.552 [main] INFO  action.social.medial.utils.HoverLikePost - Find element to hover like action for post success ...
2021-07-20 11:13:22.735 [main] INFO  action.social.medial.utils.HoverLikePost - Hover like action for post success ...
2021-07-20 11:13:24.403 [main] INFO  action.social.medial.action.impl.LikeActionImpl - Like action post success ...
2021-07-20 11:13:25.666 [main] INFO  action.social.medial.action.impl.LogoutActionImpl - Find html element icon logout header success
2021-07-20 11:13:27.782 [main] INFO  action.social.medial.action.impl.LogoutActionImpl - Find html element icon logout success
2021-07-20 11:14:32.868 [main] INFO  action.social.medial.action.impl.LoginActionImpl - Setup set property...
2021-07-20 11:14:33.017 [main] INFO  action.social.medial.action.impl.LoginActionImpl - Setup web driver...
2021-07-20 11:14:34.816 [main] INFO  action.social.medial.action.impl.LoginActionImpl - Open facebook success...
2021-07-20 11:14:34.996 [main] INFO  action.social.medial.action.impl.LoginActionImpl - Input email success...
2021-07-20 11:14:35.477 [main] INFO  action.social.medial.action.impl.LoginActionImpl - Input password success...
2021-07-20 11:14:35.862 [main] INFO  action.social.medial.action.impl.LoginActionImpl - Submit login success...
2021-07-20 11:14:42.993 [main] INFO  action.social.medial.utils.HoverLikePost - Find element to hover like action for post success ...
2021-07-20 11:14:43.206 [main] INFO  action.social.medial.utils.HoverLikePost - Hover like action for post success ...
2021-07-20 11:14:44.281 [main] ERROR action.social.medial.action.impl.LikeActionImpl - Like action post fail ... no such element: Unable to locate element: {"method":"xpath","selector":"/html/body/div[1]/div/div[1]/div/div[3]/div/div/div[2]/div/div/div[1]/div[1]/div/div[1]/div/div[1]"}
  (Session info: chrome=91.0.4472.164)
For documentation on this error, please visit: https://www.seleniumhq.org/exceptions/no_such_element.html
Build info: version: '3.141.59', revision: 'e82be7d358', time: '2018-11-14T08:17:03'
System info: host: 'ADMIN', ip: '192.168.147.10', os.name: 'Windows 10', os.arch: 'amd64', os.version: '10.0', java.version: '1.8.0_121'
Driver info: org.openqa.selenium.chrome.ChromeDriver
Capabilities {acceptInsecureCerts: false, browserName: chrome, browserVersion: 91.0.4472.164, chrome: {chromedriverVersion: 91.0.4472.101 (af52a90bf870..., userDataDir: C:\Users\Admin\AppData\Loca...}, goog:chromeOptions: {debuggerAddress: localhost:65093}, javascriptEnabled: true, networkConnectionEnabled: false, pageLoadStrategy: normal, platform: WINDOWS, platformName: WINDOWS, proxy: Proxy(), setWindowRect: true, strictFileInteractability: false, timeouts: {implicit: 0, pageLoad: 300000, script: 30000}, unhandledPromptBehavior: dismiss and notify, webauthn:extension:largeBlob: true, webauthn:virtualAuthenticators: true}
Session ID: 83f2d35cedf697f4be0b35d53971a7fc
*** Element info: {Using=xpath, value=/html/body/div[1]/div/div[1]/div/div[3]/div/div/div[2]/div/div/div[1]/div[1]/div/div[1]/div/div[1]}
2021-07-20 11:14:45.836 [main] INFO  action.social.medial.action.impl.LogoutActionImpl - Find html element icon logout header success
2021-07-20 11:14:50.073 [main] INFO  action.social.medial.action.impl.LogoutActionImpl - Find html element icon logout success
2021-07-20 11:14:53.884 [main] INFO  action.social.medial.action.impl.LoginActionImpl - Open facebook success...
2021-07-20 11:14:54.103 [main] INFO  action.social.medial.action.impl.LoginActionImpl - Input email success...
2021-07-20 11:14:54.546 [main] INFO  action.social.medial.action.impl.LoginActionImpl - Input password success...
2021-07-20 11:14:54.941 [main] INFO  action.social.medial.action.impl.LoginActionImpl - Submit login success...
2021-07-20 11:15:02.898 [main] INFO  action.social.medial.utils.HoverLikePost - Find element to hover like action for post success ...
2021-07-20 11:15:03.053 [main] INFO  action.social.medial.utils.HoverLikePost - Hover like action for post success ...
2021-07-20 11:15:04.737 [main] INFO  action.social.medial.action.impl.LikeActionImpl - Like action post success ...
2021-07-20 11:15:05.943 [main] INFO  action.social.medial.action.impl.LogoutActionImpl - Find html element icon logout header success
2021-07-20 11:15:08.034 [main] INFO  action.social.medial.action.impl.LogoutActionImpl - Find html element icon logout success
2021-07-20 11:16:40.975 [main] INFO  action.social.medial.action.impl.LoginActionImpl - Setup set property...
2021-07-20 11:16:41.197 [main] INFO  action.social.medial.action.impl.LoginActionImpl - Setup web driver...
2021-07-20 11:16:43.765 [main] INFO  action.social.medial.action.impl.LoginActionImpl - Open facebook success...
2021-07-20 11:16:43.953 [main] INFO  action.social.medial.action.impl.LoginActionImpl - Input email success...
2021-07-20 11:16:44.477 [main] INFO  action.social.medial.action.impl.LoginActionImpl - Input password success...
2021-07-20 11:16:44.895 [main] INFO  action.social.medial.action.impl.LoginActionImpl - Submit login success...
2021-07-20 11:16:52.116 [main] INFO  action.social.medial.utils.HoverLikePost - Find element to hover like action for post success ...
2021-07-20 11:16:52.301 [main] INFO  action.social.medial.utils.HoverLikePost - Hover like action for post success ...
2021-07-20 11:16:54.763 [main] INFO  action.social.medial.action.impl.LikeActionImpl - Like action post success ...
2021-07-20 11:16:56.006 [main] INFO  action.social.medial.action.impl.LogoutActionImpl - Find html element icon logout header success
2021-07-20 11:17:00.262 [main] INFO  action.social.medial.action.impl.LogoutActionImpl - Find html element icon logout success
2021-07-20 11:17:06.041 [main] INFO  action.social.medial.action.impl.LoginActionImpl - Open facebook success...
2021-07-20 11:17:06.238 [main] INFO  action.social.medial.action.impl.LoginActionImpl - Input email success...
2021-07-20 11:17:06.686 [main] INFO  action.social.medial.action.impl.LoginActionImpl - Input password success...
2021-07-20 11:17:07.091 [main] INFO  action.social.medial.action.impl.LoginActionImpl - Submit login success...
2021-07-20 11:17:13.800 [main] INFO  action.social.medial.utils.HoverLikePost - Find element to hover like action for post success ...
2021-07-20 11:17:13.988 [main] INFO  action.social.medial.utils.HoverLikePost - Hover like action for post success ...
2021-07-20 11:17:16.540 [main] INFO  action.social.medial.action.impl.LikeActionImpl - Like action post success ...
2021-07-20 11:17:17.740 [main] INFO  action.social.medial.action.impl.LogoutActionImpl - Find html element icon logout header success
2021-07-20 11:17:19.841 [main] INFO  action.social.medial.action.impl.LogoutActionImpl - Find html element icon logout success
2021-07-20 11:21:39.165 [main] INFO  action.social.medial.action.impl.LoginActionImpl - Setup set property...
2021-07-20 11:21:39.336 [main] INFO  action.social.medial.action.impl.LoginActionImpl - Setup web driver...
2021-07-20 11:21:43.189 [main] INFO  action.social.medial.action.impl.LoginActionImpl - Open facebook success...
2021-07-20 11:21:43.414 [main] INFO  action.social.medial.action.impl.LoginActionImpl - Input email success...
2021-07-20 11:21:43.874 [main] INFO  action.social.medial.action.impl.LoginActionImpl - Input password success...
2021-07-20 11:21:44.358 [main] INFO  action.social.medial.action.impl.LoginActionImpl - Submit login success...
2021-07-20 11:21:52.077 [main] INFO  action.social.medial.utils.HoverLikePost - Find element to hover like action for post success ...
2021-07-20 11:21:52.491 [main] INFO  action.social.medial.utils.HoverLikePost - Hover like action for post success ...
2021-07-20 11:21:55.285 [main] INFO  action.social.medial.action.impl.LikeActionImpl - Like action post success ...
2021-07-20 11:21:56.551 [main] INFO  action.social.medial.action.impl.LogoutActionImpl - Find html element icon logout header success
2021-07-20 11:21:58.601 [main] ERROR action.social.medial.action.impl.LogoutActionImpl - Logout fail ... no such element: Unable to locate element: {"method":"xpath","selector":"/html/body/div[1]/div/div[1]/div/div[2]/div[4]/div[2]/div/div[2]/div[1]/div[1]/div/div/div/div/div/div/div/div/div[1]/div/div[3]/div/div[5]/div/div[1]/div[2]/div/div/div/div/span"}
  (Session info: chrome=91.0.4472.164)
For documentation on this error, please visit: https://www.seleniumhq.org/exceptions/no_such_element.html
Build info: version: '3.141.59', revision: 'e82be7d358', time: '2018-11-14T08:17:03'
System info: host: 'ADMIN', ip: '192.168.147.10', os.name: 'Windows 10', os.arch: 'amd64', os.version: '10.0', java.version: '1.8.0_121'
Driver info: org.openqa.selenium.chrome.ChromeDriver
Capabilities {acceptInsecureCerts: false, browserName: chrome, browserVersion: 91.0.4472.164, chrome: {chromedriverVersion: 91.0.4472.101 (af52a90bf870..., userDataDir: C:\Users\Admin\AppData\Loca...}, goog:chromeOptions: {debuggerAddress: localhost:55147}, javascriptEnabled: true, networkConnectionEnabled: false, pageLoadStrategy: normal, platform: WINDOWS, platformName: WINDOWS, proxy: Proxy(), setWindowRect: true, strictFileInteractability: false, timeouts: {implicit: 0, pageLoad: 300000, script: 30000}, unhandledPromptBehavior: dismiss and notify, webauthn:extension:largeBlob: true, webauthn:virtualAuthenticators: true}
Session ID: 2f596085599bc5f61add40ba5a930d58
*** Element info: {Using=xpath, value=/html/body/div[1]/div/div[1]/div/div[2]/div[4]/div[2]/div/div[2]/div[1]/div[1]/div/div/div/div/div/div/div/div/div[1]/div/div[3]/div/div[5]/div/div[1]/div[2]/div/div/div/div/span}
2021-07-20 11:22:03.375 [main] INFO  action.social.medial.action.impl.LoginActionImpl - Open facebook success...
2021-07-20 11:22:03.431 [main] ERROR action.social.medial.action.impl.LoginActionImpl - Login fail ... no such element: Unable to locate element: {"method":"css selector","selector":"#email"}
  (Session info: chrome=91.0.4472.164)
For documentation on this error, please visit: https://www.seleniumhq.org/exceptions/no_such_element.html
Build info: version: '3.141.59', revision: 'e82be7d358', time: '2018-11-14T08:17:03'
System info: host: 'ADMIN', ip: '192.168.147.10', os.name: 'Windows 10', os.arch: 'amd64', os.version: '10.0', java.version: '1.8.0_121'
Driver info: org.openqa.selenium.chrome.ChromeDriver
Capabilities {acceptInsecureCerts: false, browserName: chrome, browserVersion: 91.0.4472.164, chrome: {chromedriverVersion: 91.0.4472.101 (af52a90bf870..., userDataDir: C:\Users\Admin\AppData\Loca...}, goog:chromeOptions: {debuggerAddress: localhost:55147}, javascriptEnabled: true, networkConnectionEnabled: false, pageLoadStrategy: normal, platform: WINDOWS, platformName: WINDOWS, proxy: Proxy(), setWindowRect: true, strictFileInteractability: false, timeouts: {implicit: 0, pageLoad: 300000, script: 30000}, unhandledPromptBehavior: dismiss and notify, webauthn:extension:largeBlob: true, webauthn:virtualAuthenticators: true}
Session ID: 2f596085599bc5f61add40ba5a930d58
*** Element info: {Using=id, value=email}
2021-07-20 11:24:04.850 [main] INFO  action.social.medial.action.impl.LoginActionImpl - Setup set property...
2021-07-20 11:24:05.019 [main] INFO  action.social.medial.action.impl.LoginActionImpl - Setup web driver...
2021-07-20 11:24:07.462 [main] INFO  action.social.medial.action.impl.LoginActionImpl - Open facebook success...
2021-07-20 11:24:07.773 [main] INFO  action.social.medial.action.impl.LoginActionImpl - Input email success...
2021-07-20 11:24:08.255 [main] INFO  action.social.medial.action.impl.LoginActionImpl - Input password success...
2021-07-20 11:24:08.657 [main] INFO  action.social.medial.action.impl.LoginActionImpl - Submit login success...
2021-07-20 11:24:16.187 [main] INFO  action.social.medial.utils.HoverLikePost - Find element to hover like action for post success ...
2021-07-20 11:24:16.458 [main] INFO  action.social.medial.utils.HoverLikePost - Hover like action for post success ...
2021-07-20 11:24:18.979 [main] INFO  action.social.medial.action.impl.LikeActionImpl - Like action post success ...
2021-07-20 11:24:20.182 [main] INFO  action.social.medial.action.impl.LogoutActionImpl - Find html element icon logout header success
2021-07-20 11:24:22.228 [main] ERROR action.social.medial.action.impl.LogoutActionImpl - Logout fail ... no such element: Unable to locate element: {"method":"xpath","selector":"/html/body/div[1]/div/div[1]/div/div[2]/div[4]/div[2]/div/div[2]/div[1]/div[1]/div/div/div/div/div/div/div/div/div[1]/div/div[3]/div/div[5]/div/div[1]/div[2]/div"}
  (Session info: chrome=91.0.4472.164)
For documentation on this error, please visit: https://www.seleniumhq.org/exceptions/no_such_element.html
Build info: version: '3.141.59', revision: 'e82be7d358', time: '2018-11-14T08:17:03'
System info: host: 'ADMIN', ip: '192.168.147.10', os.name: 'Windows 10', os.arch: 'amd64', os.version: '10.0', java.version: '1.8.0_121'
Driver info: org.openqa.selenium.chrome.ChromeDriver
Capabilities {acceptInsecureCerts: false, browserName: chrome, browserVersion: 91.0.4472.164, chrome: {chromedriverVersion: 91.0.4472.101 (af52a90bf870..., userDataDir: C:\Users\Admin\AppData\Loca...}, goog:chromeOptions: {debuggerAddress: localhost:51725}, javascriptEnabled: true, networkConnectionEnabled: false, pageLoadStrategy: normal, platform: WINDOWS, platformName: WINDOWS, proxy: Proxy(), setWindowRect: true, strictFileInteractability: false, timeouts: {implicit: 0, pageLoad: 300000, script: 30000}, unhandledPromptBehavior: dismiss and notify, webauthn:extension:largeBlob: true, webauthn:virtualAuthenticators: true}
Session ID: cd7714fe655b9c0265dc5f65e573ee93
*** Element info: {Using=xpath, value=/html/body/div[1]/div/div[1]/div/div[2]/div[4]/div[2]/div/div[2]/div[1]/div[1]/div/div/div/div/div/div/div/div/div[1]/div/div[3]/div/div[5]/div/div[1]/div[2]/div}
2021-07-20 11:24:27.029 [main] INFO  action.social.medial.action.impl.LoginActionImpl - Open facebook success...
2021-07-20 11:24:27.094 [main] ERROR action.social.medial.action.impl.LoginActionImpl - Login fail ... no such element: Unable to locate element: {"method":"css selector","selector":"#email"}
  (Session info: chrome=91.0.4472.164)
For documentation on this error, please visit: https://www.seleniumhq.org/exceptions/no_such_element.html
Build info: version: '3.141.59', revision: 'e82be7d358', time: '2018-11-14T08:17:03'
System info: host: 'ADMIN', ip: '192.168.147.10', os.name: 'Windows 10', os.arch: 'amd64', os.version: '10.0', java.version: '1.8.0_121'
Driver info: org.openqa.selenium.chrome.ChromeDriver
Capabilities {acceptInsecureCerts: false, browserName: chrome, browserVersion: 91.0.4472.164, chrome: {chromedriverVersion: 91.0.4472.101 (af52a90bf870..., userDataDir: C:\Users\Admin\AppData\Loca...}, goog:chromeOptions: {debuggerAddress: localhost:51725}, javascriptEnabled: true, networkConnectionEnabled: false, pageLoadStrategy: normal, platform: WINDOWS, platformName: WINDOWS, proxy: Proxy(), setWindowRect: true, strictFileInteractability: false, timeouts: {implicit: 0, pageLoad: 300000, script: 30000}, unhandledPromptBehavior: dismiss and notify, webauthn:extension:largeBlob: true, webauthn:virtualAuthenticators: true}
Session ID: cd7714fe655b9c0265dc5f65e573ee93
*** Element info: {Using=id, value=email}
2021-07-20 11:37:02.331 [main] INFO  action.social.medial.action.impl.LoginActionImpl - Setup set property...
2021-07-20 11:37:02.503 [main] INFO  action.social.medial.action.impl.LoginActionImpl - Setup web driver...
2021-07-20 11:37:05.078 [main] INFO  action.social.medial.action.impl.LoginActionImpl - Open facebook success...
2021-07-20 11:37:05.270 [main] INFO  action.social.medial.action.impl.LoginActionImpl - Input email success...
2021-07-20 11:37:05.749 [main] INFO  action.social.medial.action.impl.LoginActionImpl - Input password success...
2021-07-20 11:37:06.132 [main] INFO  action.social.medial.action.impl.LoginActionImpl - Submit login success...
2021-07-20 11:37:13.442 [main] INFO  action.social.medial.utils.HoverLikePost - Find element to hover like action for post success ...
2021-07-20 11:37:13.678 [main] INFO  action.social.medial.utils.HoverLikePost - Hover like action for post success ...
2021-07-20 11:37:16.344 [main] INFO  action.social.medial.action.impl.LikeActionImpl - Like action post success ...
2021-07-20 11:37:17.534 [main] INFO  action.social.medial.action.impl.LogoutActionImpl - Find html element icon logout header success
2021-07-20 11:37:21.748 [main] INFO  action.social.medial.action.impl.LogoutActionImpl - Find html element icon logout success
2021-07-20 11:37:25.550 [main] INFO  action.social.medial.action.impl.LoginActionImpl - Open facebook success...
2021-07-20 11:37:25.753 [main] INFO  action.social.medial.action.impl.LoginActionImpl - Input email success...
2021-07-20 11:37:26.202 [main] INFO  action.social.medial.action.impl.LoginActionImpl - Input password success...
2021-07-20 11:37:26.604 [main] INFO  action.social.medial.action.impl.LoginActionImpl - Submit login success...
2021-07-20 11:37:33.019 [main] INFO  action.social.medial.utils.HoverLikePost - Find element to hover like action for post success ...
2021-07-20 11:37:33.173 [main] INFO  action.social.medial.utils.HoverLikePost - Hover like action for post success ...
2021-07-20 11:37:35.731 [main] INFO  action.social.medial.action.impl.LikeActionImpl - Like action post success ...
2021-07-20 11:37:36.909 [main] INFO  action.social.medial.action.impl.LogoutActionImpl - Find html element icon logout header success
2021-07-20 11:37:38.989 [main] INFO  action.social.medial.action.impl.LogoutActionImpl - Find html element icon logout success
2021-07-20 11:43:10.213 [main] INFO  action.social.medial.action.impl.LoginActionImpl - Setup set property...
2021-07-20 11:43:10.409 [main] INFO  action.social.medial.action.impl.LoginActionImpl - Setup web driver...
2021-07-20 11:43:10.479 [main] ERROR action.social.medial.utils.HoverLikePost - Hover like action post fail ... no such element: Unable to locate element: {"method":"xpath","selector":"/html/body/div[1]/div[2]/div[1]/div/div/div/div[1]/div[4]/div[1]/div/div[1]/a[2]"}
  (Session info: chrome=91.0.4472.164)
For documentation on this error, please visit: https://www.seleniumhq.org/exceptions/no_such_element.html
Build info: version: '3.141.59', revision: 'e82be7d358', time: '2018-11-14T08:17:03'
System info: host: 'ADMIN', ip: '192.168.147.10', os.name: 'Windows 10', os.arch: 'amd64', os.version: '10.0', java.version: '1.8.0_121'
Driver info: org.openqa.selenium.chrome.ChromeDriver
Capabilities {acceptInsecureCerts: false, browserName: chrome, browserVersion: 91.0.4472.164, chrome: {chromedriverVersion: 91.0.4472.101 (af52a90bf870..., userDataDir: C:\Users\Admin\AppData\Loca...}, goog:chromeOptions: {debuggerAddress: localhost:57482}, javascriptEnabled: true, networkConnectionEnabled: false, pageLoadStrategy: normal, platform: WINDOWS, platformName: WINDOWS, proxy: Proxy(), setWindowRect: true, strictFileInteractability: false, timeouts: {implicit: 0, pageLoad: 300000, script: 30000}, unhandledPromptBehavior: dismiss and notify, webauthn:extension:largeBlob: true, webauthn:virtualAuthenticators: true}
Session ID: 216c5d03ff8479ee4cf210954bcb99be
*** Element info: {Using=xpath, value=/html/body/div[1]/div[2]/div[1]/div/div/div/div[1]/div[4]/div[1]/div/div[1]/a[2]}
2021-07-20 11:43:15.128 [main] INFO  action.social.medial.action.impl.LoginActionImpl - Open facebook success...
2021-07-20 11:43:15.306 [main] INFO  action.social.medial.action.impl.LoginActionImpl - Input email success...
2021-07-20 11:43:15.782 [main] INFO  action.social.medial.action.impl.LoginActionImpl - Input password success...
2021-07-20 11:43:16.173 [main] INFO  action.social.medial.action.impl.LoginActionImpl - Submit login success...
2021-07-20 11:43:24.094 [main] INFO  action.social.medial.utils.HoverLikePost - Find element to hover like action for post success ...
2021-07-20 11:43:24.254 [main] INFO  action.social.medial.utils.HoverLikePost - Hover like action for post success ...
2021-07-20 11:43:26.638 [main] INFO  action.social.medial.action.impl.LikeActionImpl - Like action post success ...
2021-07-20 11:43:27.807 [main] INFO  action.social.medial.action.impl.LogoutActionImpl - Find html element icon logout header success
2021-07-20 11:43:32.509 [main] INFO  action.social.medial.action.impl.LogoutActionImpl - Find html element icon logout success
2021-07-20 11:43:35.528 [main] INFO  action.social.medial.utils.HoverLikePost - Find element to hover like action for post success ...
2021-07-20 11:43:38.286 [main] INFO  action.social.medial.action.impl.LoginActionImpl - Open facebook success...
2021-07-20 11:43:38.470 [main] INFO  action.social.medial.action.impl.LoginActionImpl - Input email success...
2021-07-20 11:43:38.919 [main] INFO  action.social.medial.action.impl.LoginActionImpl - Input password success...
2021-07-20 11:43:39.308 [main] INFO  action.social.medial.action.impl.LoginActionImpl - Submit login success...
2021-07-20 11:43:46.418 [main] INFO  action.social.medial.utils.HoverLikePost - Find element to hover like action for post success ...
2021-07-20 11:43:46.625 [main] INFO  action.social.medial.utils.HoverLikePost - Hover like action for post success ...
2021-07-20 11:43:49.268 [main] INFO  action.social.medial.action.impl.LikeActionImpl - Like action post success ...
2021-07-20 11:43:50.447 [main] INFO  action.social.medial.action.impl.LogoutActionImpl - Find html element icon logout header success
2021-07-20 11:43:54.539 [main] INFO  action.social.medial.action.impl.LogoutActionImpl - Find html element icon logout success
2021-07-20 11:46:17.107 [main] INFO  action.social.medial.action.impl.LoginActionImpl - Setup set property...
2021-07-20 11:46:17.293 [main] INFO  action.social.medial.action.impl.LoginActionImpl - Setup web driver...
2021-07-20 11:46:17.360 [main] ERROR action.social.medial.utils.HoverLikePost - Hover like action post fail ... no such element: Unable to locate element: {"method":"xpath","selector":"/html/body/div[1]/div[2]/div[1]/div/div/div/div[1]/div[4]/div[1]/div/div[1]/a[2]"}
  (Session info: chrome=91.0.4472.164)
For documentation on this error, please visit: https://www.seleniumhq.org/exceptions/no_such_element.html
Build info: version: '3.141.59', revision: 'e82be7d358', time: '2018-11-14T08:17:03'
System info: host: 'ADMIN', ip: '192.168.147.10', os.name: 'Windows 10', os.arch: 'amd64', os.version: '10.0', java.version: '1.8.0_121'
Driver info: org.openqa.selenium.chrome.ChromeDriver
Capabilities {acceptInsecureCerts: false, browserName: chrome, browserVersion: 91.0.4472.164, chrome: {chromedriverVersion: 91.0.4472.101 (af52a90bf870..., userDataDir: C:\Users\Admin\AppData\Loca...}, goog:chromeOptions: {debuggerAddress: localhost:50484}, javascriptEnabled: true, networkConnectionEnabled: false, pageLoadStrategy: normal, platform: WINDOWS, platformName: WINDOWS, proxy: Proxy(), setWindowRect: true, strictFileInteractability: false, timeouts: {implicit: 0, pageLoad: 300000, script: 30000}, unhandledPromptBehavior: dismiss and notify, webauthn:extension:largeBlob: true, webauthn:virtualAuthenticators: true}
Session ID: 04615b1350d928fab3f72e034342f026
*** Element info: {Using=xpath, value=/html/body/div[1]/div[2]/div[1]/div/div/div/div[1]/div[4]/div[1]/div/div[1]/a[2]}
2021-07-20 11:46:21.444 [main] INFO  action.social.medial.action.impl.LoginActionImpl - Open facebook success...
2021-07-20 11:46:21.592 [main] INFO  action.social.medial.action.impl.LoginActionImpl - Input email success...
2021-07-20 11:46:22.051 [main] INFO  action.social.medial.action.impl.LoginActionImpl - Input password success...
2021-07-20 11:46:22.444 [main] INFO  action.social.medial.action.impl.LoginActionImpl - Submit login success...
2021-07-20 11:46:28.925 [main] INFO  action.social.medial.utils.HoverLikePost - Find element to hover like action for post success ...
2021-07-20 11:46:29.240 [main] INFO  action.social.medial.utils.HoverLikePost - Hover like action for post success ...
2021-07-20 11:46:31.843 [main] INFO  action.social.medial.action.impl.LikeActionImpl - Like action post success ...
2021-07-20 11:46:33.061 [main] INFO  action.social.medial.action.impl.LogoutActionImpl - Find html element icon logout header success
2021-07-20 11:46:38.667 [main] INFO  action.social.medial.action.impl.LogoutActionImpl - Find html element icon logout success
2021-07-20 11:46:41.690 [main] INFO  action.social.medial.utils.HoverLikePost - Find element to hover like action for post success ...
2021-07-20 11:46:43.458 [main] INFO  action.social.medial.action.impl.LoginActionImpl - Open facebook success...
2021-07-20 11:46:43.653 [main] INFO  action.social.medial.action.impl.LoginActionImpl - Input email success...
2021-07-20 11:46:44.102 [main] INFO  action.social.medial.action.impl.LoginActionImpl - Input password success...
2021-07-20 11:46:44.491 [main] INFO  action.social.medial.action.impl.LoginActionImpl - Submit login success...
2021-07-20 11:46:51.254 [main] INFO  action.social.medial.utils.HoverLikePost - Find element to hover like action for post success ...
2021-07-20 11:46:51.459 [main] INFO  action.social.medial.utils.HoverLikePost - Hover like action for post success ...
2021-07-20 11:46:53.955 [main] INFO  action.social.medial.action.impl.LikeActionImpl - Like action post success ...
2021-07-20 11:46:55.161 [main] INFO  action.social.medial.action.impl.LogoutActionImpl - Find html element icon logout header success
2021-07-20 11:46:59.595 [main] INFO  action.social.medial.action.impl.LogoutActionImpl - Find html element icon logout success
2021-07-20 11:49:01.121 [main] INFO  action.social.medial.action.impl.LoginActionImpl - Setup set property...
2021-07-20 11:49:01.598 [main] INFO  action.social.medial.action.impl.LoginActionImpl - Setup web driver...
2021-07-20 11:49:12.253 [main] INFO  action.social.medial.action.impl.LoginActionImpl - Open facebook success...
2021-07-20 11:49:13.133 [main] INFO  action.social.medial.action.impl.LoginActionImpl - Input email success...
2021-07-20 11:49:14.326 [main] INFO  action.social.medial.action.impl.LoginActionImpl - Input password success...
2021-07-20 11:49:15.091 [main] INFO  action.social.medial.action.impl.LoginActionImpl - Submit login success...
2021-07-20 11:49:41.017 [main] INFO  action.social.medial.utils.HoverLikePost - Find element to hover like action for post success ...
2021-07-20 11:49:41.395 [main] INFO  action.social.medial.utils.HoverLikePost - Hover like action for post success ...
2021-07-20 11:49:43.748 [main] ERROR action.social.medial.action.impl.LikeActionImpl - Like action post fail ... no such element: Unable to locate element: {"method":"xpath","selector":"/html/body/div[1]/div/div[1]/div/div[3]/div/div/div[2]/div/div/div[1]/div[1]/div/div[1]/div/div[1]"}
  (Session info: chrome=91.0.4472.164)
For documentation on this error, please visit: https://www.seleniumhq.org/exceptions/no_such_element.html
Build info: version: '3.141.59', revision: 'e82be7d358', time: '2018-11-14T08:17:03'
System info: host: 'ADMIN', ip: '192.168.147.10', os.name: 'Windows 10', os.arch: 'amd64', os.version: '10.0', java.version: '1.8.0_121'
Driver info: org.openqa.selenium.chrome.ChromeDriver
Capabilities {acceptInsecureCerts: false, browserName: chrome, browserVersion: 91.0.4472.164, chrome: {chromedriverVersion: 91.0.4472.101 (af52a90bf870..., userDataDir: C:\Users\Admin\AppData\Loca...}, goog:chromeOptions: {debuggerAddress: localhost:61177}, javascriptEnabled: true, networkConnectionEnabled: false, pageLoadStrategy: normal, platform: WINDOWS, platformName: WINDOWS, proxy: Proxy(), setWindowRect: true, strictFileInteractability: false, timeouts: {implicit: 0, pageLoad: 300000, script: 30000}, unhandledPromptBehavior: dismiss and notify, webauthn:extension:largeBlob: true, webauthn:virtualAuthenticators: true}
Session ID: 6e7b96a2cabc560a53b518a297b91b8a
*** Element info: {Using=xpath, value=/html/body/div[1]/div/div[1]/div/div[3]/div/div/div[2]/div/div/div[1]/div[1]/div/div[1]/div/div[1]}
2021-07-20 11:49:50.004 [main] INFO  action.social.medial.action.impl.LogoutActionImpl - Find html element icon logout header success
2021-07-20 11:50:07.594 [main] INFO  action.social.medial.action.impl.LogoutActionImpl - Find html element icon logout success
2021-07-20 11:50:12.459 [main] INFO  action.social.medial.action.impl.LoginActionImpl - Setup set property...
2021-07-20 11:50:12.604 [main] INFO  action.social.medial.action.impl.LoginActionImpl - Setup web driver...
2021-07-20 11:50:15.433 [main] INFO  action.social.medial.action.impl.LoginActionImpl - Open facebook success...
2021-07-20 11:50:15.641 [main] INFO  action.social.medial.action.impl.LoginActionImpl - Input email success...
2021-07-20 11:50:16.098 [main] INFO  action.social.medial.action.impl.LoginActionImpl - Input password success...
2021-07-20 11:50:16.493 [main] INFO  action.social.medial.action.impl.LoginActionImpl - Submit login success...
2021-07-20 11:50:24.006 [main] INFO  action.social.medial.utils.HoverLikePost - Find element to hover like action for post success ...
2021-07-20 11:50:24.196 [main] INFO  action.social.medial.utils.HoverLikePost - Hover like action for post success ...
2021-07-20 11:50:26.625 [main] INFO  action.social.medial.action.impl.LikeActionImpl - Like action post success ...
2021-07-20 11:50:27.850 [main] INFO  action.social.medial.action.impl.LogoutActionImpl - Find html element icon logout header success
2021-07-20 11:50:32.356 [main] INFO  action.social.medial.action.impl.LogoutActionImpl - Find html element icon logout success
2021-07-20 11:50:58.012 [main] INFO  action.social.medial.action.impl.LoginActionImpl - Setup set property...
2021-07-20 11:50:58.162 [main] INFO  action.social.medial.action.impl.LoginActionImpl - Setup web driver...
2021-07-20 11:50:58.236 [main] ERROR action.social.medial.utils.HoverLikePost - Hover like action post fail ... no such element: Unable to locate element: {"method":"xpath","selector":"/html/body/div[1]/div[2]/div[1]/div/div/div/div[1]/div[4]/div[1]/div/div[1]/a[2]"}
  (Session info: chrome=91.0.4472.164)
For documentation on this error, please visit: https://www.seleniumhq.org/exceptions/no_such_element.html
Build info: version: '3.141.59', revision: 'e82be7d358', time: '2018-11-14T08:17:03'
System info: host: 'ADMIN', ip: '192.168.147.10', os.name: 'Windows 10', os.arch: 'amd64', os.version: '10.0', java.version: '1.8.0_121'
Driver info: org.openqa.selenium.chrome.ChromeDriver
Capabilities {acceptInsecureCerts: false, browserName: chrome, browserVersion: 91.0.4472.164, chrome: {chromedriverVersion: 91.0.4472.101 (af52a90bf870..., userDataDir: C:\Users\Admin\AppData\Loca...}, goog:chromeOptions: {debuggerAddress: localhost:58587}, javascriptEnabled: true, networkConnectionEnabled: false, pageLoadStrategy: normal, platform: WINDOWS, platformName: WINDOWS, proxy: Proxy(), setWindowRect: true, strictFileInteractability: false, timeouts: {implicit: 0, pageLoad: 300000, script: 30000}, unhandledPromptBehavior: dismiss and notify, webauthn:extension:largeBlob: true, webauthn:virtualAuthenticators: true}
Session ID: 66820e1e81efceb98a3f9247a8f3b067
*** Element info: {Using=xpath, value=/html/body/div[1]/div[2]/div[1]/div/div/div/div[1]/div[4]/div[1]/div/div[1]/a[2]}
2021-07-20 11:51:01.977 [main] INFO  action.social.medial.action.impl.LoginActionImpl - Open facebook success...
2021-07-20 11:51:02.165 [main] INFO  action.social.medial.action.impl.LoginActionImpl - Input email success...
2021-07-20 11:51:02.632 [main] INFO  action.social.medial.action.impl.LoginActionImpl - Input password success...
2021-07-20 11:51:03.023 [main] INFO  action.social.medial.action.impl.LoginActionImpl - Submit login success...
2021-07-20 11:51:10.033 [main] INFO  action.social.medial.utils.HoverLikePost - Find element to hover like action for post success ...
2021-07-20 11:51:10.243 [main] INFO  action.social.medial.utils.HoverLikePost - Hover like action for post success ...
2021-07-20 11:51:12.711 [main] INFO  action.social.medial.action.impl.LikeActionImpl - Like action post success ...
2021-07-20 11:51:13.879 [main] INFO  action.social.medial.action.impl.LogoutActionImpl - Find html element icon logout header success
2021-07-20 11:51:18.219 [main] INFO  action.social.medial.action.impl.LogoutActionImpl - Find html element icon logout success
2021-07-20 11:51:21.238 [main] INFO  action.social.medial.utils.HoverLikePost - Find element to hover like action for post success ...
2021-07-20 11:51:22.993 [main] INFO  action.social.medial.action.impl.LoginActionImpl - Open facebook success...
2021-07-20 11:51:23.160 [main] INFO  action.social.medial.action.impl.LoginActionImpl - Input email success...
2021-07-20 11:51:23.593 [main] INFO  action.social.medial.action.impl.LoginActionImpl - Input password success...
2021-07-20 11:51:24.001 [main] INFO  action.social.medial.action.impl.LoginActionImpl - Submit login success...
2021-07-20 11:51:30.495 [main] INFO  action.social.medial.utils.HoverLikePost - Find element to hover like action for post success ...
2021-07-20 11:51:30.669 [main] INFO  action.social.medial.utils.HoverLikePost - Hover like action for post success ...
2021-07-20 11:51:33.059 [main] INFO  action.social.medial.action.impl.LikeActionImpl - Like action post success ...
2021-07-20 11:51:34.239 [main] INFO  action.social.medial.action.impl.LogoutActionImpl - Find html element icon logout header success
2021-07-20 11:51:38.338 [main] INFO  action.social.medial.action.impl.LogoutActionImpl - Find html element icon logout success
2021-07-20 11:53:11.394 [main] INFO  action.social.medial.action.impl.LoginActionImpl - Setup set property...
2021-07-20 11:53:11.553 [main] INFO  action.social.medial.action.impl.LoginActionImpl - Setup web driver...
2021-07-20 11:53:11.621 [main] ERROR action.social.medial.utils.HoverLikePost - Hover like action post fail ... no such element: Unable to locate element: {"method":"xpath","selector":"/html/body/div[1]/div[2]/div[1]/div/div/div/div[1]/div[4]/div[1]/div/div[1]/a[2]"}
  (Session info: chrome=91.0.4472.164)
For documentation on this error, please visit: https://www.seleniumhq.org/exceptions/no_such_element.html
Build info: version: '3.141.59', revision: 'e82be7d358', time: '2018-11-14T08:17:03'
System info: host: 'ADMIN', ip: '192.168.147.10', os.name: 'Windows 10', os.arch: 'amd64', os.version: '10.0', java.version: '1.8.0_121'
Driver info: org.openqa.selenium.chrome.ChromeDriver
Capabilities {acceptInsecureCerts: false, browserName: chrome, browserVersion: 91.0.4472.164, chrome: {chromedriverVersion: 91.0.4472.101 (af52a90bf870..., userDataDir: C:\Users\Admin\AppData\Loca...}, goog:chromeOptions: {debuggerAddress: localhost:52180}, javascriptEnabled: true, networkConnectionEnabled: false, pageLoadStrategy: normal, platform: WINDOWS, platformName: WINDOWS, proxy: Proxy(), setWindowRect: true, strictFileInteractability: false, timeouts: {implicit: 0, pageLoad: 300000, script: 30000}, unhandledPromptBehavior: dismiss and notify, webauthn:extension:largeBlob: true, webauthn:virtualAuthenticators: true}
Session ID: cb3361e9bc127cddf4f872e1a514c836
*** Element info: {Using=xpath, value=/html/body/div[1]/div[2]/div[1]/div/div/div/div[1]/div[4]/div[1]/div/div[1]/a[2]}
2021-07-20 11:53:14.834 [main] INFO  action.social.medial.action.impl.LoginActionImpl - Open facebook success...
2021-07-20 11:53:15.017 [main] INFO  action.social.medial.action.impl.LoginActionImpl - Input email success...
2021-07-20 11:53:15.610 [main] INFO  action.social.medial.action.impl.LoginActionImpl - Input password success...
2021-07-20 11:53:16.017 [main] INFO  action.social.medial.action.impl.LoginActionImpl - Submit login success...
2021-07-20 11:53:23.513 [main] INFO  action.social.medial.utils.HoverLikePost - Find element to hover like action for post success ...
2021-07-20 11:53:23.737 [main] INFO  action.social.medial.utils.HoverLikePost - Hover like action for post success ...
2021-07-20 11:53:26.294 [main] INFO  action.social.medial.action.impl.LikeActionImpl - Like action post success ...
2021-07-20 11:53:27.585 [main] INFO  action.social.medial.action.impl.LogoutActionImpl - Find html element icon logout header success
2021-07-20 11:53:31.653 [main] INFO  action.social.medial.action.impl.LogoutActionImpl - Find html element icon logout success
2021-07-20 11:53:34.674 [main] INFO  action.social.medial.utils.HoverLikePost - Find element to hover like action for post success ...
2021-07-20 11:53:36.059 [main] INFO  action.social.medial.action.impl.LoginActionImpl - Open facebook success...
2021-07-20 11:53:36.235 [main] INFO  action.social.medial.action.impl.LoginActionImpl - Input email success...
2021-07-20 11:53:36.667 [main] INFO  action.social.medial.action.impl.LoginActionImpl - Input password success...
2021-07-20 11:53:37.064 [main] INFO  action.social.medial.action.impl.LoginActionImpl - Submit login success...
2021-07-20 11:53:44.211 [main] INFO  action.social.medial.utils.HoverLikePost - Find element to hover like action for post success ...
2021-07-20 11:53:44.379 [main] INFO  action.social.medial.utils.HoverLikePost - Hover like action for post success ...
2021-07-20 11:53:46.882 [main] INFO  action.social.medial.action.impl.LikeActionImpl - Like action post success ...
2021-07-20 11:53:48.106 [main] INFO  action.social.medial.action.impl.LogoutActionImpl - Find html element icon logout header success
2021-07-20 11:53:52.295 [main] INFO  action.social.medial.action.impl.LogoutActionImpl - Find html element icon logout success
2021-07-20 11:54:04.748 [main] INFO  action.social.medial.action.impl.LoginActionImpl - Setup set property...
2021-07-20 11:54:04.893 [main] INFO  action.social.medial.action.impl.LoginActionImpl - Setup web driver...
2021-07-20 11:54:04.959 [main] ERROR action.social.medial.utils.HoverLikePost - Hover like action post fail ... no such element: Unable to locate element: {"method":"xpath","selector":"/html/body/div[1]/div[2]/div[1]/div/div/div/div[1]/div[4]/div[1]/div/div[1]/a[2]"}
  (Session info: chrome=91.0.4472.164)
For documentation on this error, please visit: https://www.seleniumhq.org/exceptions/no_such_element.html
Build info: version: '3.141.59', revision: 'e82be7d358', time: '2018-11-14T08:17:03'
System info: host: 'ADMIN', ip: '192.168.147.10', os.name: 'Windows 10', os.arch: 'amd64', os.version: '10.0', java.version: '1.8.0_121'
Driver info: org.openqa.selenium.chrome.ChromeDriver
Capabilities {acceptInsecureCerts: false, browserName: chrome, browserVersion: 91.0.4472.164, chrome: {chromedriverVersion: 91.0.4472.101 (af52a90bf870..., userDataDir: C:\Users\Admin\AppData\Loca...}, goog:chromeOptions: {debuggerAddress: localhost:49392}, javascriptEnabled: true, networkConnectionEnabled: false, pageLoadStrategy: normal, platform: WINDOWS, platformName: WINDOWS, proxy: Proxy(), setWindowRect: true, strictFileInteractability: false, timeouts: {implicit: 0, pageLoad: 300000, script: 30000}, unhandledPromptBehavior: dismiss and notify, webauthn:extension:largeBlob: true, webauthn:virtualAuthenticators: true}
Session ID: 46f4b455ae70c52047e0222310690787
*** Element info: {Using=xpath, value=/html/body/div[1]/div[2]/div[1]/div/div/div/div[1]/div[4]/div[1]/div/div[1]/a[2]}
2021-07-20 11:54:07.885 [main] INFO  action.social.medial.action.impl.LoginActionImpl - Open facebook success...
2021-07-20 11:54:08.039 [main] INFO  action.social.medial.action.impl.LoginActionImpl - Input email success...
2021-07-20 11:54:08.510 [main] INFO  action.social.medial.action.impl.LoginActionImpl - Input password success...
2021-07-20 11:54:08.912 [main] INFO  action.social.medial.action.impl.LoginActionImpl - Submit login success...
2021-07-20 11:54:15.399 [main] INFO  action.social.medial.utils.HoverLikePost - Find element to hover like action for post success ...
2021-07-20 11:54:15.677 [main] INFO  action.social.medial.utils.HoverLikePost - Hover like action for post success ...
2021-07-20 11:54:18.341 [main] INFO  action.social.medial.action.impl.LikeActionImpl - Like action post success ...
2021-07-20 11:54:19.556 [main] INFO  action.social.medial.action.impl.LogoutActionImpl - Find html element icon logout header success
2021-07-20 11:54:23.687 [main] INFO  action.social.medial.action.impl.LogoutActionImpl - Find html element icon logout success
2021-07-20 11:54:26.706 [main] INFO  action.social.medial.utils.HoverLikePost - Find element to hover like action for post success ...
2021-07-20 11:54:28.694 [main] INFO  action.social.medial.action.impl.LoginActionImpl - Open facebook success...
2021-07-20 11:54:28.880 [main] INFO  action.social.medial.action.impl.LoginActionImpl - Input email success...
2021-07-20 11:54:29.319 [main] INFO  action.social.medial.action.impl.LoginActionImpl - Input password success...
2021-07-20 11:54:29.711 [main] INFO  action.social.medial.action.impl.LoginActionImpl - Submit login success...
2021-07-20 11:54:36.113 [main] INFO  action.social.medial.utils.HoverLikePost - Find element to hover like action for post success ...
2021-07-20 11:54:36.316 [main] INFO  action.social.medial.utils.HoverLikePost - Hover like action for post success ...
2021-07-20 11:54:38.826 [main] INFO  action.social.medial.action.impl.LikeActionImpl - Like action post success ...
2021-07-20 11:54:40.057 [main] INFO  action.social.medial.action.impl.LogoutActionImpl - Find html element icon logout header success
2021-07-20 11:54:44.672 [main] INFO  action.social.medial.action.impl.LogoutActionImpl - Find html element icon logout success
2021-07-20 11:54:59.851 [main] INFO  action.social.medial.action.impl.LoginActionImpl - Setup set property...
2021-07-20 11:55:00.005 [main] INFO  action.social.medial.action.impl.LoginActionImpl - Setup web driver...
2021-07-20 11:55:00.167 [main] ERROR action.social.medial.utils.HoverLikePost - Hover like action post fail ... no such element: Unable to locate element: {"method":"xpath","selector":"/html/body/div[1]/div[2]/div[1]/div/div/div/div[1]/div[4]/div[1]/div/div[1]/a[2]"}
  (Session info: chrome=91.0.4472.164)
For documentation on this error, please visit: https://www.seleniumhq.org/exceptions/no_such_element.html
Build info: version: '3.141.59', revision: 'e82be7d358', time: '2018-11-14T08:17:03'
System info: host: 'ADMIN', ip: '192.168.147.10', os.name: 'Windows 10', os.arch: 'amd64', os.version: '10.0', java.version: '1.8.0_121'
Driver info: org.openqa.selenium.chrome.ChromeDriver
Capabilities {acceptInsecureCerts: false, browserName: chrome, browserVersion: 91.0.4472.164, chrome: {chromedriverVersion: 91.0.4472.101 (af52a90bf870..., userDataDir: C:\Users\Admin\AppData\Loca...}, goog:chromeOptions: {debuggerAddress: localhost:58186}, javascriptEnabled: true, networkConnectionEnabled: false, pageLoadStrategy: normal, platform: WINDOWS, platformName: WINDOWS, proxy: Proxy(), setWindowRect: true, strictFileInteractability: false, timeouts: {implicit: 0, pageLoad: 300000, script: 30000}, unhandledPromptBehavior: dismiss and notify, webauthn:extension:largeBlob: true, webauthn:virtualAuthenticators: true}
Session ID: 26d866f1ceec5b1e4c5e4956d68b0955
*** Element info: {Using=xpath, value=/html/body/div[1]/div[2]/div[1]/div/div/div/div[1]/div[4]/div[1]/div/div[1]/a[2]}
2021-07-20 11:55:03.342 [main] INFO  action.social.medial.action.impl.LoginActionImpl - Open facebook success...
2021-07-20 11:55:03.494 [main] INFO  action.social.medial.action.impl.LoginActionImpl - Input email success...
2021-07-20 11:55:03.959 [main] INFO  action.social.medial.action.impl.LoginActionImpl - Input password success...
2021-07-20 11:55:04.350 [main] INFO  action.social.medial.action.impl.LoginActionImpl - Submit login success...
2021-07-20 11:55:10.885 [main] INFO  action.social.medial.utils.HoverLikePost - Find element to hover like action for post success ...
2021-07-20 11:55:11.083 [main] INFO  action.social.medial.utils.HoverLikePost - Hover like action for post success ...
2021-07-20 11:55:14.159 [main] INFO  action.social.medial.action.impl.LikeActionImpl - Like action post success ...
2021-07-20 11:55:15.315 [main] INFO  action.social.medial.action.impl.LogoutActionImpl - Find html element icon logout header success
2021-07-20 11:55:19.670 [main] INFO  action.social.medial.action.impl.LogoutActionImpl - Find html element icon logout success
2021-07-20 11:55:22.687 [main] INFO  action.social.medial.utils.HoverLikePost - Find element to hover like action for post success ...
2021-07-20 11:55:24.662 [main] INFO  action.social.medial.action.impl.LoginActionImpl - Open facebook success...
2021-07-20 11:55:24.841 [main] INFO  action.social.medial.action.impl.LoginActionImpl - Input email success...
2021-07-20 11:55:25.278 [main] INFO  action.social.medial.action.impl.LoginActionImpl - Input password success...
2021-07-20 11:55:25.673 [main] INFO  action.social.medial.action.impl.LoginActionImpl - Submit login success...
2021-07-20 11:55:31.649 [main] INFO  action.social.medial.utils.HoverLikePost - Find element to hover like action for post success ...
2021-07-20 11:55:31.886 [main] INFO  action.social.medial.utils.HoverLikePost - Hover like action for post success ...
2021-07-20 11:55:34.344 [main] INFO  action.social.medial.action.impl.LikeActionImpl - Like action post success ...
2021-07-20 11:55:35.511 [main] INFO  action.social.medial.action.impl.LogoutActionImpl - Find html element icon logout header success
2021-07-20 11:55:39.574 [main] INFO  action.social.medial.action.impl.LogoutActionImpl - Find html element icon logout success
2021-07-20 12:12:15.623 [main] INFO  action.social.medial.action.impl.LoginActionImpl - Setup set property...
2021-07-20 12:12:15.786 [main] INFO  action.social.medial.action.impl.LoginActionImpl - Setup web driver...
2021-07-20 12:12:15.864 [main] ERROR action.social.medial.utils.HoverLikePost - Hover like action post fail ... no such element: Unable to locate element: {"method":"xpath","selector":"/html/body/div[1]/div[2]/div[1]/div/div/div/div[1]/div[4]/div[1]/div/div[1]/a[2]"}
  (Session info: chrome=91.0.4472.164)
For documentation on this error, please visit: https://www.seleniumhq.org/exceptions/no_such_element.html
Build info: version: '3.141.59', revision: 'e82be7d358', time: '2018-11-14T08:17:03'
System info: host: 'ADMIN', ip: '192.168.147.10', os.name: 'Windows 10', os.arch: 'amd64', os.version: '10.0', java.version: '1.8.0_121'
Driver info: org.openqa.selenium.chrome.ChromeDriver
Capabilities {acceptInsecureCerts: false, browserName: chrome, browserVersion: 91.0.4472.164, chrome: {chromedriverVersion: 91.0.4472.101 (af52a90bf870..., userDataDir: C:\Users\Admin\AppData\Loca...}, goog:chromeOptions: {debuggerAddress: localhost:49792}, javascriptEnabled: true, networkConnectionEnabled: false, pageLoadStrategy: normal, platform: WINDOWS, platformName: WINDOWS, proxy: Proxy(), setWindowRect: true, strictFileInteractability: false, timeouts: {implicit: 0, pageLoad: 300000, script: 30000}, unhandledPromptBehavior: dismiss and notify, webauthn:extension:largeBlob: true, webauthn:virtualAuthenticators: true}
Session ID: c3c841fa2babdefb591cd21c03b87382
*** Element info: {Using=xpath, value=/html/body/div[1]/div[2]/div[1]/div/div/div/div[1]/div[4]/div[1]/div/div[1]/a[2]}
2021-07-20 12:12:18.444 [main] INFO  action.social.medial.action.impl.LoginActionImpl - Open facebook success...
2021-07-20 12:12:18.627 [main] INFO  action.social.medial.action.impl.LoginActionImpl - Input email success...
2021-07-20 12:12:19.101 [main] INFO  action.social.medial.action.impl.LoginActionImpl - Input password success...
2021-07-20 12:12:19.491 [main] INFO  action.social.medial.action.impl.LoginActionImpl - Submit login success...
2021-07-20 12:12:26.179 [main] INFO  action.social.medial.utils.HoverLikePost - Find element to hover like action for post success ...
2021-07-20 12:12:26.391 [main] INFO  action.social.medial.utils.HoverLikePost - Hover like action for post success ...
2021-07-20 12:12:28.884 [main] INFO  action.social.medial.action.impl.LikeActionImpl - Like action post success ...
2021-07-20 12:12:30.117 [main] INFO  action.social.medial.action.impl.LogoutActionImpl - Find html element icon logout header success
2021-07-20 12:12:34.390 [main] INFO  action.social.medial.action.impl.LogoutActionImpl - Find html element icon logout success
2021-07-20 12:12:37.408 [main] INFO  action.social.medial.utils.HoverLikePost - Find element to hover like action for post success ...
2021-07-20 12:12:39.332 [main] INFO  action.social.medial.action.impl.LoginActionImpl - Open facebook success...
2021-07-20 12:12:39.504 [main] INFO  action.social.medial.action.impl.LoginActionImpl - Input email success...
2021-07-20 12:12:39.944 [main] INFO  action.social.medial.action.impl.LoginActionImpl - Input password success...
2021-07-20 12:12:40.325 [main] INFO  action.social.medial.action.impl.LoginActionImpl - Submit login success...
2021-07-20 12:12:47.161 [main] INFO  action.social.medial.utils.HoverLikePost - Find element to hover like action for post success ...
2021-07-20 12:12:47.468 [main] INFO  action.social.medial.utils.HoverLikePost - Hover like action for post success ...
2021-07-20 12:12:49.997 [main] INFO  action.social.medial.action.impl.LikeActionImpl - Like action post success ...
2021-07-20 12:12:51.164 [main] INFO  action.social.medial.action.impl.LogoutActionImpl - Find html element icon logout header success
2021-07-20 12:12:55.154 [main] INFO  action.social.medial.action.impl.LogoutActionImpl - Find html element icon logout success
2021-07-20 12:13:20.349 [main] INFO  action.social.medial.action.impl.LoginActionImpl - Setup set property...
2021-07-20 12:13:20.499 [main] INFO  action.social.medial.action.impl.LoginActionImpl - Setup web driver...
2021-07-20 12:13:20.574 [main] ERROR action.social.medial.utils.HoverLikePost - Hover like action post fail ... no such element: Unable to locate element: {"method":"xpath","selector":"/html/body/div[1]/div[2]/div[1]/div/div/div/div[1]/div[4]/div[1]/div/div[1]/a[2]"}
  (Session info: chrome=91.0.4472.164)
For documentation on this error, please visit: https://www.seleniumhq.org/exceptions/no_such_element.html
Build info: version: '3.141.59', revision: 'e82be7d358', time: '2018-11-14T08:17:03'
System info: host: 'ADMIN', ip: '192.168.147.10', os.name: 'Windows 10', os.arch: 'amd64', os.version: '10.0', java.version: '1.8.0_121'
Driver info: org.openqa.selenium.chrome.ChromeDriver
Capabilities {acceptInsecureCerts: false, browserName: chrome, browserVersion: 91.0.4472.164, chrome: {chromedriverVersion: 91.0.4472.101 (af52a90bf870..., userDataDir: C:\Users\Admin\AppData\Loca...}, goog:chromeOptions: {debuggerAddress: localhost:65394}, javascriptEnabled: true, networkConnectionEnabled: false, pageLoadStrategy: normal, platform: WINDOWS, platformName: WINDOWS, proxy: Proxy(), setWindowRect: true, strictFileInteractability: false, timeouts: {implicit: 0, pageLoad: 300000, script: 30000}, unhandledPromptBehavior: dismiss and notify, webauthn:extension:largeBlob: true, webauthn:virtualAuthenticators: true}
Session ID: 8bb16bf0715f09803ff10f7309f36bc6
*** Element info: {Using=xpath, value=/html/body/div[1]/div[2]/div[1]/div/div/div/div[1]/div[4]/div[1]/div/div[1]/a[2]}
2021-07-20 12:13:23.831 [main] INFO  action.social.medial.action.impl.LoginActionImpl - Open facebook success...
2021-07-20 12:13:23.978 [main] INFO  action.social.medial.action.impl.LoginActionImpl - Input email success...
2021-07-20 12:13:24.443 [main] INFO  action.social.medial.action.impl.LoginActionImpl - Input password success...
2021-07-20 12:13:24.825 [main] INFO  action.social.medial.action.impl.LoginActionImpl - Submit login success...
2021-07-20 12:13:32.704 [main] INFO  action.social.medial.utils.HoverLikePost - Find element to hover like action for post success ...
2021-07-20 12:13:32.995 [main] INFO  action.social.medial.utils.HoverLikePost - Hover like action for post success ...
2021-07-20 12:13:35.906 [main] INFO  action.social.medial.action.impl.LikeActionImpl - Like action post success ...
2021-07-20 12:13:37.083 [main] INFO  action.social.medial.action.impl.LogoutActionImpl - Find html element icon logout header success
2021-07-20 12:13:41.782 [main] INFO  action.social.medial.action.impl.LogoutActionImpl - Find html element icon logout success
2021-07-20 12:13:44.800 [main] INFO  action.social.medial.utils.HoverLikePost - Find element to hover like action for post success ...
2021-07-20 12:13:46.665 [main] INFO  action.social.medial.action.impl.LoginActionImpl - Open facebook success...
2021-07-20 12:13:46.838 [main] INFO  action.social.medial.action.impl.LoginActionImpl - Input email success...
2021-07-20 12:13:47.279 [main] INFO  action.social.medial.action.impl.LoginActionImpl - Input password success...
2021-07-20 12:13:47.654 [main] INFO  action.social.medial.action.impl.LoginActionImpl - Submit login success...
2021-07-20 12:13:54.002 [main] INFO  action.social.medial.utils.HoverLikePost - Find element to hover like action for post success ...
2021-07-20 12:13:54.246 [main] INFO  action.social.medial.utils.HoverLikePost - Hover like action for post success ...
2021-07-20 12:13:56.776 [main] INFO  action.social.medial.action.impl.LikeActionImpl - Like action post success ...
2021-07-20 12:13:57.933 [main] INFO  action.social.medial.action.impl.LogoutActionImpl - Find html element icon logout header success
2021-07-20 12:14:02.397 [main] INFO  action.social.medial.action.impl.LogoutActionImpl - Find html element icon logout success
2021-07-20 12:14:22.539 [main] INFO  action.social.medial.action.impl.LoginActionImpl - Setup set property...
2021-07-20 12:14:22.694 [main] INFO  action.social.medial.action.impl.LoginActionImpl - Setup web driver...
2021-07-20 12:14:22.750 [main] ERROR action.social.medial.utils.HoverLikePost - Hover like action post fail ... no such element: Unable to locate element: {"method":"xpath","selector":"/html/body/div[1]/div[2]/div[1]/div/div/div/div[1]/div[4]/div[1]/div/div[1]/a[2]"}
  (Session info: chrome=91.0.4472.164)
For documentation on this error, please visit: https://www.seleniumhq.org/exceptions/no_such_element.html
Build info: version: '3.141.59', revision: 'e82be7d358', time: '2018-11-14T08:17:03'
System info: host: 'ADMIN', ip: '192.168.147.10', os.name: 'Windows 10', os.arch: 'amd64', os.version: '10.0', java.version: '1.8.0_121'
Driver info: org.openqa.selenium.chrome.ChromeDriver
Capabilities {acceptInsecureCerts: false, browserName: chrome, browserVersion: 91.0.4472.164, chrome: {chromedriverVersion: 91.0.4472.101 (af52a90bf870..., userDataDir: C:\Users\Admin\AppData\Loca...}, goog:chromeOptions: {debuggerAddress: localhost:62296}, javascriptEnabled: true, networkConnectionEnabled: false, pageLoadStrategy: normal, platform: WINDOWS, platformName: WINDOWS, proxy: Proxy(), setWindowRect: true, strictFileInteractability: false, timeouts: {implicit: 0, pageLoad: 300000, script: 30000}, unhandledPromptBehavior: dismiss and notify, webauthn:extension:largeBlob: true, webauthn:virtualAuthenticators: true}
Session ID: 367bee00a476c7e140cdf61c1bc45ff8
*** Element info: {Using=xpath, value=/html/body/div[1]/div[2]/div[1]/div/div/div/div[1]/div[4]/div[1]/div/div[1]/a[2]}
2021-07-20 12:14:26.219 [main] INFO  action.social.medial.action.impl.LoginActionImpl - Open facebook success...
2021-07-20 12:14:26.408 [main] INFO  action.social.medial.action.impl.LoginActionImpl - Input email success...
2021-07-20 12:14:26.869 [main] INFO  action.social.medial.action.impl.LoginActionImpl - Input password success...
2021-07-20 12:14:27.267 [main] INFO  action.social.medial.action.impl.LoginActionImpl - Submit login success...
2021-07-20 12:14:33.979 [main] INFO  action.social.medial.utils.HoverLikePost - Find element to hover like action for post success ...
2021-07-20 12:14:34.282 [main] INFO  action.social.medial.utils.HoverLikePost - Hover like action for post success ...
2021-07-20 12:14:36.699 [main] INFO  action.social.medial.action.impl.LikeActionImpl - Like action post success ...
2021-07-20 12:14:37.871 [main] INFO  action.social.medial.action.impl.LogoutActionImpl - Find html element icon logout header success
2021-07-20 12:14:42.277 [main] INFO  action.social.medial.action.impl.LogoutActionImpl - Find html element icon logout success
2021-07-20 12:14:45.294 [main] INFO  action.social.medial.utils.HoverLikePost - Find element to hover like action for post success ...
2021-07-20 12:14:47.311 [main] INFO  action.social.medial.action.impl.LoginActionImpl - Open facebook success...
2021-07-20 12:14:47.489 [main] INFO  action.social.medial.action.impl.LoginActionImpl - Input email success...
2021-07-20 12:14:47.923 [main] INFO  action.social.medial.action.impl.LoginActionImpl - Input password success...
2021-07-20 12:14:48.308 [main] INFO  action.social.medial.action.impl.LoginActionImpl - Submit login success...
2021-07-20 12:14:55.018 [main] INFO  action.social.medial.utils.HoverLikePost - Find element to hover like action for post success ...
2021-07-20 12:14:55.253 [main] INFO  action.social.medial.utils.HoverLikePost - Hover like action for post success ...
2021-07-20 12:14:57.644 [main] INFO  action.social.medial.action.impl.LikeActionImpl - Like action post success ...
2021-07-20 12:14:58.790 [main] INFO  action.social.medial.action.impl.LogoutActionImpl - Find html element icon logout header success
2021-07-20 12:15:02.696 [main] INFO  action.social.medial.action.impl.LogoutActionImpl - Find html element icon logout success
